<?xml version="1.0" encoding="UTF-8"?>
<testng-results skipped="0" failed="0" ignored="0" total="2" passed="2">
  <reporter-output>
  </reporter-output>
  <suite name="Smoke Tests" duration-ms="109547" started-at="2019-02-18T16:51:09Z" finished-at="2019-02-18T16:52:59Z">
    <groups>
      <group name="CreateTransactionPageObject.createTransactionPageObject">
        <method signature="CreateTransaction.createTransactionPageObject(java.lang.Boolean, java.lang.String, java.lang.String, java.lang.String, java.lang.String, java.lang.String, java.lang.String)[pri:0, instance:N26.GnuCash2.CreateTransaction@3b0143d3]" name="createTransactionPageObject" class="N26.GnuCash2.CreateTransaction"/>
      </group> <!-- CreateTransactionPageObject.createTransactionPageObject -->
      <group name="Onboarding.onboarding">
        <method signature="Onboarding.onboarding(java.lang.Boolean, java.lang.String, java.lang.String, java.lang.String)[pri:0, instance:N26.GnuCash2.Onboarding@71423665]" name="onboarding" class="N26.GnuCash2.Onboarding"/>
      </group> <!-- Onboarding.onboarding -->
    </groups>
    <test name="Verify Onboarding Slides" duration-ms="56477" started-at="2019-02-18T16:51:09Z" finished-at="2019-02-18T16:52:06Z">
      <class name="N26.GnuCash2.Onboarding">
        <test-method status="PASS" signature="setUp(java.lang.Boolean, java.lang.String, java.lang.String, java.lang.String, java.lang.String)[pri:0, instance:N26.GnuCash2.Onboarding@71423665]" name="setUp" is-config="true" duration-ms="30212" started-at="2019-02-18T17:51:09Z" finished-at="2019-02-18T17:51:39Z">
          <params>
            <param index="0">
              <value>
                <![CDATA[false]]>
              </value>
            </param>
            <param index="1">
              <value>
                <![CDATA[8.1]]>
              </value>
            </param>
            <param index="2">
              <value>
                <![CDATA[4723]]>
              </value>
            </param>
            <param index="3">
              <value>
                <![CDATA[GnucashAndroid_v2.4.0.apk]]>
              </value>
            </param>
            <param index="4">
              <value>
                <![CDATA[ZY32237MNV]]>
              </value>
            </param>
          </params>
          <reporter-output>
          </reporter-output>
        </test-method> <!-- setUp -->
        <test-method status="PASS" signature="onboarding(java.lang.Boolean, java.lang.String, java.lang.String, java.lang.String)[pri:0, instance:N26.GnuCash2.Onboarding@71423665]" name="onboarding" duration-ms="19733" started-at="2019-02-18T17:51:39Z" finished-at="2019-02-18T17:51:59Z">
          <params>
            <param index="0">
              <value>
                <![CDATA[false]]>
              </value>
            </param>
            <param index="1">
              <value>
                <![CDATA[8.1]]>
              </value>
            </param>
            <param index="2">
              <value>
                <![CDATA[Onboarding]]>
              </value>
            </param>
            <param index="3">
              <value>
                <![CDATA[Version 2.4.0]]>
              </value>
            </param>
          </params>
          <reporter-output>
          </reporter-output>
        </test-method> <!-- onboarding -->
        <test-method status="PASS" signature="shutDown(java.lang.String)[pri:0, instance:N26.GnuCash2.Onboarding@71423665]" name="shutDown" is-config="true" duration-ms="6516" started-at="2019-02-18T17:51:59Z" finished-at="2019-02-18T17:52:06Z">
          <params>
            <param index="0">
              <value>
                <![CDATA[Onboarding]]>
              </value>
            </param>
          </params>
          <reporter-output>
          </reporter-output>
        </test-method> <!-- shutDown -->
      </class> <!-- N26.GnuCash2.Onboarding -->
    </test> <!-- Verify Onboarding Slides -->
    <test name="Create New Transaction Account" duration-ms="48053" started-at="2019-02-18T16:52:11Z" finished-at="2019-02-18T16:52:59Z">
      <class name="N26.GnuCash2.CreateTransaction">
        <test-method status="PASS" signature="PreSetUp(int)[pri:0, instance:N26.GnuCash2.CreateTransaction@3b0143d3]" name="PreSetUp" is-config="true" duration-ms="30" started-at="2019-02-18T17:51:09Z" finished-at="2019-02-18T17:51:09Z">
          <params>
            <param index="0">
              <value>
                <![CDATA[4723]]>
              </value>
            </param>
          </params>
          <reporter-output>
          </reporter-output>
        </test-method> <!-- PreSetUp -->
        <test-method status="PASS" signature="setUp(java.lang.Boolean, java.lang.String, java.lang.String, java.lang.String, java.lang.String)[pri:0, instance:N26.GnuCash2.CreateTransaction@3b0143d3]" name="setUp" is-config="true" duration-ms="23253" started-at="2019-02-18T17:52:11Z" finished-at="2019-02-18T17:52:34Z">
          <params>
            <param index="0">
              <value>
                <![CDATA[true]]>
              </value>
            </param>
            <param index="1">
              <value>
                <![CDATA[8.1]]>
              </value>
            </param>
            <param index="2">
              <value>
                <![CDATA[4723]]>
              </value>
            </param>
            <param index="3">
              <value>
                <![CDATA[GnucashAndroid_v2.4.0.apk]]>
              </value>
            </param>
            <param index="4">
              <value>
                <![CDATA[ZY32237MNV]]>
              </value>
            </param>
          </params>
          <reporter-output>
          </reporter-output>
        </test-method> <!-- setUp -->
        <test-method status="PASS" signature="createTransactionPageObject(java.lang.Boolean, java.lang.String, java.lang.String, java.lang.String, java.lang.String, java.lang.String, java.lang.String)[pri:0, instance:N26.GnuCash2.CreateTransaction@3b0143d3]" name="createTransactionPageObject" duration-ms="19084" started-at="2019-02-18T17:52:34Z" finished-at="2019-02-18T17:52:53Z">
          <params>
            <param index="0">
              <value>
                <![CDATA[true]]>
              </value>
            </param>
            <param index="1">
              <value>
                <![CDATA[8.1]]>
              </value>
            </param>
            <param index="2">
              <value>
                <![CDATA[Create Transaction]]>
              </value>
            </param>
            <param index="3">
              <value>
                <![CDATA[Version 2.4.0]]>
              </value>
            </param>
            <param index="4">
              <value>
                <![CDATA[Account Test]]>
              </value>
            </param>
            <param index="5">
              <value>
                <![CDATA[BANK]]>
              </value>
            </param>
            <param index="6">
              <value>
                <![CDATA[Test Description]]>
              </value>
            </param>
          </params>
          <reporter-output>
          </reporter-output>
        </test-method> <!-- createTransactionPageObject -->
        <test-method status="PASS" signature="shutDown(java.lang.String)[pri:0, instance:N26.GnuCash2.CreateTransaction@3b0143d3]" name="shutDown" is-config="true" duration-ms="5714" started-at="2019-02-18T17:52:53Z" finished-at="2019-02-18T17:52:59Z">
          <params>
            <param index="0">
              <value>
                <![CDATA[Create Transaction]]>
              </value>
            </param>
          </params>
          <reporter-output>
          </reporter-output>
        </test-method> <!-- shutDown -->
        <test-method status="PASS" signature="afterSuite(int)[pri:0, instance:N26.GnuCash2.CreateTransaction@3b0143d3]" name="afterSuite" is-config="true" duration-ms="2" started-at="2019-02-18T17:53:04Z" finished-at="2019-02-18T17:53:04Z">
          <params>
            <param index="0">
              <value>
                <![CDATA[4723]]>
              </value>
            </param>
          </params>
          <reporter-output>
          </reporter-output>
        </test-method> <!-- afterSuite -->
      </class> <!-- N26.GnuCash2.CreateTransaction -->
    </test> <!-- Create New Transaction Account -->
  </suite> <!-- Smoke Tests -->
</testng-results>
